0 info it worked if it ends with ok
1 verbose cli [ 'C:\\Program Files\\nodejs\\node.exe',
1 verbose cli   'C:\\Users\\udaya.sirisena@simcentrictsl.local\\AppData\\Roaming\\npm\\node_modules\\npm\\bin\\npm-cli.js',
1 verbose cli   'install' ]
2 info using npm@3.10.7
3 info using node@v6.2.2
4 silly loadCurrentTree Starting
5 silly install loadCurrentTree
6 silly install readLocalPackageData
7 silly install normalizeTree
8 silly loadCurrentTree Finishing
9 silly loadIdealTree Starting
10 silly install loadIdealTree
11 silly cloneCurrentTree Starting
12 silly install cloneCurrentTreeToIdealTree
13 silly cloneCurrentTree Finishing
14 silly loadShrinkwrap Starting
15 silly install loadShrinkwrap
16 silly loadShrinkwrap Finishing
17 silly loadAllDepsIntoIdealTree Starting
18 silly install loadAllDepsIntoIdealTree
19 silly loadAllDepsIntoIdealTree Finishing
20 silly loadIdealTree Finishing
21 silly currentTree node-addons-substract@1.0.0
21 silly currentTree `-- bindings@1.2.1
22 silly idealTree node-addons-substract@1.0.0
22 silly idealTree `-- bindings@1.2.1
23 silly generateActionsToTake Starting
24 silly install generateActionsToTake
25 silly generateActionsToTake Finishing
26 silly diffTrees action count 0
27 silly decomposeActions action count 0
28 silly runTopLevelLifecycles Starting
29 silly install runPreinstallTopLevelLifecycles
30 silly preinstall node-addons-substract@1.0.0 J:\LABRAT\node-addons-substract\node_latest\node-addons-substract-53c3a1a0
31 info lifecycle node-addons-substract@1.0.0~preinstall: node-addons-substract@1.0.0
32 silly lifecycle node-addons-substract@1.0.0~preinstall: no script for preinstall, continuing
33 silly executeActions Starting
34 silly install executeActions
35 silly doSerial global-install 0
36 silly doParallel fetch 0
37 verbose correctMkdir C:\Users\udaya.sirisena@simcentrictsl.local\AppData\Roaming\npm-cache\_locks correctMkdir not in flight; initializing
38 verbose lock using C:\Users\udaya.sirisena@simcentrictsl.local\AppData\Roaming\npm-cache\_locks\staging-774d76b3ae64fcc3.lock for J:\LABRAT\node-addons-substract\node_latest\node_modules\.staging
39 silly doParallel extract 0
40 silly doParallel preinstall 0
41 silly doReverseSerial remove 0
42 silly doSerial move 0
43 silly doSerial finalize 0
44 silly doSerial build 0
45 silly doSerial global-link 0
46 silly doParallel update-linked 0
47 silly doSerial install 0
48 silly doSerial postinstall 0
49 verbose unlock done using C:\Users\udaya.sirisena@simcentrictsl.local\AppData\Roaming\npm-cache\_locks\staging-774d76b3ae64fcc3.lock for J:\LABRAT\node-addons-substract\node_latest\node_modules\.staging
50 silly executeActions Finishing
51 silly rollbackFailedOptional Starting
52 silly rollbackFailedOptional Finishing
53 silly install runPostinstallTopLevelLifecycles
54 silly build node-addons-substract@1.0.0
55 info linkStuff node-addons-substract@1.0.0
56 silly linkStuff node-addons-substract@1.0.0 has J:\LABRAT\node-addons-substract as its parent node_modules
57 verbose linkBins node-addons-substract@1.0.0
58 verbose linkMans node-addons-substract@1.0.0
59 silly install node-addons-substract@1.0.0 J:\LABRAT\node-addons-substract\node_latest\node-addons-substract-53c3a1a0
60 info lifecycle node-addons-substract@1.0.0~install: node-addons-substract@1.0.0
61 verbose lifecycle node-addons-substract@1.0.0~install: unsafe-perm in lifecycle true
62 verbose lifecycle node-addons-substract@1.0.0~install: PATH: C:\Users\udaya.sirisena@simcentrictsl.local\AppData\Roaming\npm\node_modules\npm\bin\node-gyp-bin;J:\LABRAT\node-addons-substract\node_latest\node_modules\.bin;C:\Python27\;C:\Python27\Scripts;C:\Perl64\site\bin;C:\Perl64\bin;C:\ProgramData\Oracle\Java\javapath;C:\Program Files (x86)\Common Files\NetSarang;C:\Program Files\Common Files\Microsoft Shared\Windows Live;C:\Program Files (x86)\Common Files\Microsoft Shared\Windows Live;C:\Program Files (x86)\Intel\iCLS Client\;C:\Program Files\Intel\iCLS Client\;C:\WINDOWS\system32;C:\WINDOWS;C:\WINDOWS\System32\Wbem;C:\WINDOWS\System32\WindowsPowerShell\v1.0\;C:\Program Files\Intel\Intel(R) Management Engine Components\DAL;C:\Program Files\Intel\Intel(R) Management Engine Components\IPT;C:\Program Files (x86)\Intel\Intel(R) Management Engine Components\DAL;C:\Program Files (x86)\Intel\Intel(R) Management Engine Components\IPT;C:\Program Files (x86)\Windows Live\Shared;C:\Program Files (x86)\Microsoft SQL Server\90\Tools\binn\,D:\Program Files (x86)\Microsoft Visual Studio 10.0\VC\bin,D:\Program Files (x86)\Microsoft Visual Studio 9.0\VC;%ANT_HOME%/bin;%JAVA_HOME %\bin;D:\Program Files (x86)\Microsoft Visual Studio 9.0\Common7\IDE;D:\Program Files (x86)\Microsoft Visual Studio 9.0\VC\bin;D:\Program Files (x86)\Microsoft Visual Studio 9.0\VC\bin\cl.exe;C:\Program Files\Apache Software Foundation\apache-maven-3.1.1\bin;D:\Program Files\Java\jre8\bin;D:\Program Files\Java\jdk1.8.0\bin;C:\Program Files (x86)\Windows Kits\8.1\Windows Performance Toolkit\;C:\Program Files\Microsoft SQL Server\110\Tools\Binn\;C:\Program Files\Nuget;C:\Windows\Microsoft.NET\Framework64\v4.0.30319;D:\Program Files (x86)\Microsoft Visual Studio 10.0\Common7\IDE;C:\Program Files (x86)\Windows Kits\8.1\Debuggers\x64\srcsrv\;C:\Program Files\SlikSvn\bin;C:\Program Files (x86)\Windows Kits\8.1\Debuggers\x64;D:\Program Files\TortoiseSVN\bin;$(YASMPATH);C:\WINDOWS\System32\WindowsPowerShell\v1.0\;C:\Program Files (x86)\Skype\Phone\;C:\Program Files (x86)\Brackets\command;C:\Program Files\Git\cmd;C:\Users\udaya.sirisena@simcentrictsl.local\AppData\Local\Programs\Python\Python35;C:\Users\udaya.sirisena@simcentrictsl.local\AppData\Local\Programs\Python\Python35\Lib;C:\Users\udaya.sirisena@simcentrictsl.local\AppData\Local\Programs\Python\Python35\DLLs;C:\Go\bin;C:\Program Files\nodejs\;;C:\Program Files (x86)\NVIDIA Corporation\PhysX\Common;C:\Users\udaya.sirisena@simcentrictsl.local\AppData\Roaming\npm;C:\Program Files (x86)\GDAL;C:\MinGW\bin;C:\MinGW\msys\1.0\bin;;D:\Program Files\Docker Toolbox
63 verbose lifecycle node-addons-substract@1.0.0~install: CWD: J:\LABRAT\node-addons-substract\node_latest
64 silly lifecycle node-addons-substract@1.0.0~install: Args: [ '/d /s /c', 'node-gyp rebuild' ]
65 silly lifecycle node-addons-substract@1.0.0~install: Returned: code: 1  signal: null
66 info lifecycle node-addons-substract@1.0.0~install: Failed to exec install script
67 warn node-addons-substract@1.0.0 No description
68 verbose stack Error: node-addons-substract@1.0.0 install: `node-gyp rebuild`
68 verbose stack Exit status 1
68 verbose stack     at EventEmitter.<anonymous> (C:\Users\udaya.sirisena@simcentrictsl.local\AppData\Roaming\npm\node_modules\npm\lib\utils\lifecycle.js:255:16)
68 verbose stack     at emitTwo (events.js:106:13)
68 verbose stack     at EventEmitter.emit (events.js:191:7)
68 verbose stack     at ChildProcess.<anonymous> (C:\Users\udaya.sirisena@simcentrictsl.local\AppData\Roaming\npm\node_modules\npm\lib\utils\spawn.js:40:14)
68 verbose stack     at emitTwo (events.js:106:13)
68 verbose stack     at ChildProcess.emit (events.js:191:7)
68 verbose stack     at maybeClose (internal/child_process.js:852:16)
68 verbose stack     at Process.ChildProcess._handle.onexit (internal/child_process.js:215:5)
69 verbose pkgid node-addons-substract@1.0.0
70 verbose cwd J:\LABRAT\node-addons-substract\node_latest
71 error Windows_NT 10.0.10586
72 error argv "C:\\Program Files\\nodejs\\node.exe" "C:\\Users\\udaya.sirisena@simcentrictsl.local\\AppData\\Roaming\\npm\\node_modules\\npm\\bin\\npm-cli.js" "install"
73 error node v6.2.2
74 error npm  v3.10.7
75 error code ELIFECYCLE
76 error node-addons-substract@1.0.0 install: `node-gyp rebuild`
76 error Exit status 1
77 error Failed at the node-addons-substract@1.0.0 install script 'node-gyp rebuild'.
77 error Make sure you have the latest version of node.js and npm installed.
77 error If you do, this is most likely a problem with the node-addons-substract package,
77 error not with npm itself.
77 error Tell the author that this fails on your system:
77 error     node-gyp rebuild
77 error You can get information on how to open an issue for this project with:
77 error     npm bugs node-addons-substract
77 error Or if that isn't available, you can get their info via:
77 error     npm owner ls node-addons-substract
77 error There is likely additional logging output above.
78 verbose exit [ 1, true ]
